[21:03:10] [Client thread/ERROR]: Can't find the resource index file: assets\indexes\1.8.json
[21:03:10] [Client thread/INFO]: Setting user: Player398
[21:03:10] [Client thread/INFO]: (Session ID is token:0:Player398)
[21:03:11] [Client thread/INFO]: [OptiFine] *** Reflector Forge ***
[21:03:11] [Client thread/INFO]: [OptiFine] *** Reflector Vanilla ***
[21:03:11] [Client thread/INFO]: [OptiFine] (Reflector) Class not present: net.minecraftforge.fml.common.eventhandler.Event$Result
[21:03:11] [Client thread/INFO]: [OptiFine] (Reflector) Class not present: net.minecraft.launchwrapper.Launch
[21:03:11] [Client thread/INFO]: LWJGL Version: 2.9.4
[21:03:11] [Client thread/INFO]: [OptiFine] 
[21:03:11] [Client thread/INFO]: [OptiFine] OptiFine_1.8.9_HD_U_M6_pre2
[21:03:11] [Client thread/INFO]: [OptiFine] Build: null
[21:03:11] [Client thread/INFO]: [OptiFine] OS: Windows 10 (amd64) version 10.0
[21:03:11] [Client thread/INFO]: [OptiFine] Java: 1.8.0_351, Oracle Corporation
[21:03:11] [Client thread/INFO]: [OptiFine] VM: Java HotSpot(TM) 64-Bit Server VM (mixed mode), Oracle Corporation
[21:03:11] [Client thread/INFO]: [OptiFine] LWJGL: 2.9.4
[21:03:11] [Client thread/INFO]: [OptiFine] OpenGL: NVIDIA GeForce RTX 3060/PCIe/SSE2, version 4.6.0 NVIDIA 516.94, NVIDIA Corporation
[21:03:11] [Client thread/INFO]: [OptiFine] OpenGL Version: 4.6.0
[21:03:11] [Client thread/INFO]: [OptiFine] Maximum texture size: 32768x32768
[21:03:11] [VersionCheck/INFO]: [OptiFine] Checking for new version
[21:03:11] [Client thread/INFO]: [Shaders] OpenGL Version: 4.6.0 NVIDIA 516.94
[21:03:11] [Client thread/INFO]: [Shaders] Vendor:  NVIDIA Corporation
[21:03:11] [Client thread/INFO]: [Shaders] Renderer: NVIDIA GeForce RTX 3060/PCIe/SSE2
[21:03:11] [Client thread/INFO]: [Shaders] Capabilities:  2.0  2.1  3.0  3.2  4.0 
[21:03:11] [Client thread/INFO]: [Shaders] GL_MAX_DRAW_BUFFERS: 8
[21:03:11] [Client thread/INFO]: [Shaders] GL_MAX_COLOR_ATTACHMENTS_EXT: 8
[21:03:11] [Client thread/INFO]: [Shaders] GL_MAX_TEXTURE_IMAGE_UNITS: 32
[21:03:11] [Client thread/INFO]: [Shaders] Load shaders configuration.
[21:03:11] [Client thread/INFO]: [Shaders] Save shaders configuration.
[21:03:11] [Client thread/INFO]: [Shaders] No shaderpack loaded.
[21:03:11] [Client thread/INFO]: [OptiFine] (Reflector) Class not present: net.minecraftforge.fml.common.Loader
[21:03:11] [Client thread/INFO]: [OptiFine] (Reflector) Class not present: net.minecraftforge.fml.client.SplashProgress
[21:03:11] [Client thread/INFO]: Reloading ResourceManager: Default
[21:03:11] [Client thread/INFO]: [OptiFine] (Reflector) Class not present: optifine.OptiFineClassTransformer
[21:03:11] [Client thread/INFO]: [OptiFine] *** Reloading textures ***
[21:03:11] [Client thread/INFO]: [OptiFine] Resource packs: Default
[21:03:11] [Client thread/INFO]: [OptiFine] (Reflector) Class not present: net.minecraftforge.client.model.Attributes
[21:03:11] [Client thread/INFO]: [OptiFine] (Reflector) Method not present: net.minecraft.client.renderer.vertex.VertexFormatElement$EnumUsage.preDraw
[21:03:11] [Client thread/INFO]: [OptiFine] (Reflector) Method not present: net.minecraft.client.renderer.vertex.VertexFormatElement$EnumUsage.postDraw
[21:03:11] [Sound Library Loader/INFO]: Starting up SoundSystem...
[21:03:11] [Thread-6/INFO]: Initializing LWJGL OpenAL
[21:03:11] [Thread-6/INFO]: (The LWJGL binding of OpenAL.  For more information, see http://www.lwjgl.org)
[21:03:11] [Thread-6/INFO]: OpenAL initialized.
[21:03:11] [Client thread/INFO]: [OptiFine] (Reflector) Class not present: net.minecraftforge.client.ForgeHooksClient
[21:03:12] [VersionCheck/INFO]: [OptiFine] Version found: M5
[21:03:12] [Client thread/INFO]: [OptiFine] Mipmap levels: 4
[21:03:12] [Client thread/INFO]: [OptiFine] Multitexture: false
[21:03:12] [Client thread/INFO]: [OptiFine] ConnectedTextures: mcpatcher/ctm/default/0_glass_white/glass_pane_white.properties
[21:03:12] [Client thread/INFO]: [OptiFine] ConnectedTextures: mcpatcher/ctm/default/0_glass_white/glass_white.properties
[21:03:12] [Client thread/INFO]: [OptiFine] ConnectedTextures: mcpatcher/ctm/default/10_glass_purple/glass_pane_purple.properties
[21:03:12] [Client thread/INFO]: [OptiFine] ConnectedTextures: mcpatcher/ctm/default/10_glass_purple/glass_purple.properties
[21:03:12] [Client thread/INFO]: [OptiFine] ConnectedTextures: mcpatcher/ctm/default/11_glass_blue/glass_blue.properties
[21:03:12] [Client thread/INFO]: [OptiFine] ConnectedTextures: mcpatcher/ctm/default/11_glass_blue/glass_pane_blue.properties
[21:03:12] [Client thread/INFO]: [OptiFine] ConnectedTextures: mcpatcher/ctm/default/12_glass_brown/glass_brown.properties
[21:03:12] [Client thread/INFO]: [OptiFine] ConnectedTextures: mcpatcher/ctm/default/12_glass_brown/glass_pane_brown.properties
[21:03:12] [Client thread/INFO]: [OptiFine] ConnectedTextures: mcpatcher/ctm/default/13_glass_green/glass_green.properties
[21:03:12] [Client thread/INFO]: [OptiFine] ConnectedTextures: mcpatcher/ctm/default/13_glass_green/glass_pane_green.properties
[21:03:12] [Client thread/INFO]: [OptiFine] ConnectedTextures: mcpatcher/ctm/default/14_glass_red/glass_pane_red.properties
[21:03:12] [Client thread/INFO]: [OptiFine] ConnectedTextures: mcpatcher/ctm/default/14_glass_red/glass_red.properties
[21:03:12] [Client thread/INFO]: [OptiFine] ConnectedTextures: mcpatcher/ctm/default/15_glass_black/glass_black.properties
[21:03:12] [Client thread/INFO]: [OptiFine] ConnectedTextures: mcpatcher/ctm/default/15_glass_black/glass_pane_black.properties
[21:03:12] [Client thread/INFO]: [OptiFine] ConnectedTextures: mcpatcher/ctm/default/1_glass_orange/glass_orange.properties
[21:03:12] [Client thread/INFO]: [OptiFine] ConnectedTextures: mcpatcher/ctm/default/1_glass_orange/glass_pane_orange.properties
[21:03:12] [Client thread/INFO]: [OptiFine] ConnectedTextures: mcpatcher/ctm/default/2_glass_magenta/glass_magenta.properties
[21:03:12] [Client thread/INFO]: [OptiFine] ConnectedTextures: mcpatcher/ctm/default/2_glass_magenta/glass_pane_magenta.properties
[21:03:12] [Client thread/INFO]: [OptiFine] ConnectedTextures: mcpatcher/ctm/default/3_glass_light_blue/glass_light_blue.properties
[21:03:12] [Client thread/INFO]: [OptiFine] ConnectedTextures: mcpatcher/ctm/default/3_glass_light_blue/glass_pane_light_blue.properties
[21:03:12] [Client thread/INFO]: [OptiFine] ConnectedTextures: mcpatcher/ctm/default/4_glass_yellow/glass_pane_yellow.properties
[21:03:12] [Client thread/INFO]: [OptiFine] ConnectedTextures: mcpatcher/ctm/default/4_glass_yellow/glass_yellow.properties
[21:03:12] [Client thread/INFO]: [OptiFine] ConnectedTextures: mcpatcher/ctm/default/5_glass_lime/glass_lime.properties
[21:03:12] [Client thread/INFO]: [OptiFine] ConnectedTextures: mcpatcher/ctm/default/5_glass_lime/glass_pane_lime.properties
[21:03:12] [Client thread/INFO]: [OptiFine] ConnectedTextures: mcpatcher/ctm/default/6_glass_pink/glass_pane_pink.properties
[21:03:12] [Client thread/INFO]: [OptiFine] ConnectedTextures: mcpatcher/ctm/default/6_glass_pink/glass_pink.properties
[21:03:12] [Client thread/INFO]: [OptiFine] ConnectedTextures: mcpatcher/ctm/default/7_glass_gray/glass_gray.properties
[21:03:12] [Client thread/INFO]: [OptiFine] ConnectedTextures: mcpatcher/ctm/default/7_glass_gray/glass_pane_gray.properties
[21:03:12] [Client thread/INFO]: [OptiFine] ConnectedTextures: mcpatcher/ctm/default/8_glass_silver/glass_pane_silver.properties
[21:03:12] [Client thread/INFO]: [OptiFine] ConnectedTextures: mcpatcher/ctm/default/8_glass_silver/glass_silver.properties
[21:03:12] [Client thread/INFO]: [OptiFine] ConnectedTextures: mcpatcher/ctm/default/9_glass_cyan/glass_cyan.properties
[21:03:12] [Client thread/INFO]: [OptiFine] ConnectedTextures: mcpatcher/ctm/default/9_glass_cyan/glass_pane_cyan.properties
[21:03:12] [Client thread/INFO]: [OptiFine] ConnectedTextures: mcpatcher/ctm/default/bookshelf.properties
[21:03:12] [Client thread/INFO]: [OptiFine] ConnectedTextures: mcpatcher/ctm/default/glass.properties
[21:03:12] [Client thread/INFO]: [OptiFine] ConnectedTextures: mcpatcher/ctm/default/glasspane.properties
[21:03:12] [Client thread/INFO]: [OptiFine] ConnectedTextures: mcpatcher/ctm/default/sandstone.properties
[21:03:12] [Client thread/INFO]: [OptiFine] Multipass connected textures: false
[21:03:12] [Client thread/INFO]: [OptiFine] BetterGrass: Parsing default configuration optifine/bettergrass.properties
[21:03:12] [Sound Library Loader/INFO]: Sound engine started
[21:03:12] [Client thread/INFO]: Created: 1024x512 textures-atlas
[21:03:12] [Client thread/INFO]: [OptiFine] Animated sprites: 11
[21:03:12] [Client thread/INFO]: [OptiFine] (Reflector) Class not present: net.minecraftforge.client.model.ModelLoader
[21:03:12] [Client thread/INFO]: [OptiFine] (Reflector) Class not present: net.minecraftforge.client.ItemModelMesherForge
[21:03:12] [Client thread/INFO]: [OptiFine] (Reflector) Class not present: net.minecraftforge.fml.client.registry.RenderingRegistry
[21:03:12] [Client thread/INFO]: [OptiFine] (Reflector) Class not present: net.minecraftforge.common.ForgeModContainer
[21:03:12] [Client thread/INFO]: Starting Memorial b1.0, by Memorial-Team || CCBlueX
[21:03:12] [Client thread/INFO]: Loading Fonts.
[21:03:14] [Client thread/INFO]: Loaded Fonts. (1370ms)
[21:03:14] [Client thread/INFO]: [ModuleManager] Loading modules...
[21:03:14] [Client thread/ERROR]: Failed to load module: dev.nelly.module.KillSults (java.lang.NullPointerException: null cannot be cast to non-null type me.memorial.module.modules.combat.KillAura)
[21:03:14] [Client thread/ERROR]: Failed to load module: me.memorial.module.modules.render.StorageESP (java.lang.NullPointerException: null)
[21:03:14] [Client thread/INFO]: (MCChat)Module Rotations is currently enabled.
[21:03:14] [Client thread/INFO]: (MCChat)Module HUD is currently enabled.
[21:03:14] [Client thread/ERROR]: Failed to load module: dev.nelly.module.KillSults (java.lang.NullPointerException: null)
[21:03:14] [Client thread/INFO]: [ModuleManager] Loaded 125 modules.
[21:03:14] [Client thread/INFO]: (MCChat)Module NoSlow is currently enabled.
[21:03:14] [Client thread/INFO]: (MCChat)Module Speed is currently enabled.
[21:03:14] [Client thread/INFO]: (MCChat)Module Sprint is currently enabled.
[21:03:14] [Client thread/INFO]: (MCChat)Module TargetHUD is currently enabled.
[21:03:14] [Client thread/INFO]: [FileManager] Loaded config: modules.json.
[21:03:14] [Client thread/INFO]: [FileManager] Loaded config: values.json.
[21:03:14] [Client thread/INFO]: [FileManager] Loaded config: accounts.json.
[21:03:14] [Client thread/INFO]: [FileManager] Loaded config: friends.json.
[21:03:14] [Client thread/INFO]: [FileManager] Loaded config: xray-blocks.json.
[21:03:14] [Client thread/INFO]: [FileManager] Loaded config: shortcuts.json.
[21:03:14] [Client thread/INFO]: [FileManager] Loaded config: clickgui.json.
[21:03:15] [Client thread/INFO]: Registered http://capes.liquidbounce.net/api/v1/cape/uuid/%s as 'api' service type.
[21:03:15] [Client thread/INFO]: Loaded.
[21:03:15] [Via-Mappingloader-0/INFO]: Loading block connection mappings ...
[21:03:15] [Client thread/INFO]: Loaded Platform ViaVersion
[21:03:15] [Client thread/INFO]: Loading translations...
[21:03:15] [Client thread/INFO]: Registering protocols...
[21:03:15] [Client thread/INFO]: Loaded Platform ViaBackwards
[21:03:16] [Client thread/INFO]: Loaded Platform ViaRewind
[21:03:16] [Client thread/INFO]: ViaVersion detected lowest supported version by the proxy: 1.4.6/7 (51)
[21:03:16] [Client thread/INFO]: Highest supported version by the proxy: 1.20 (763)
[21:03:16] [Client thread/WARN]: You are running an outdated Java version, please consider updating it to at least Java 17 (your version is 1.8.0_351). At some point in the future, ViaVersion will no longer be compatible with this version of Java.
[21:03:16] [Via Async Scheduler 0/INFO]: Finished mapping loading, shutting down loader executor!
[21:03:16] [Client thread/INFO]: ViaLoadingBase has loaded 3/3 platforms
[21:03:16] [Client thread/INFO]: [OptiFine] (Reflector) Class not present: mods.betterfoliage.client.BetterFoliageClient
[21:03:16] [Client thread/INFO]: [OptiFine] (Reflector) Class not present: net.minecraftforge.fml.common.asm.transformers.BlamingTransformer
[21:03:16] [Client thread/INFO]: [OptiFine] (Reflector) Class not present: net.minecraftforge.event.world.ChunkWatchEvent$UnWatch
[21:03:16] [Client thread/INFO]: [OptiFine] (Reflector) Class not present: net.minecraftforge.fml.relauncher.CoreModManager
[21:03:16] [Client thread/INFO]: [OptiFine] (Reflector) Class not present: net.minecraftforge.common.DimensionManager
[21:03:16] [Client thread/INFO]: [OptiFine] (Reflector) Class not present: net.minecraftforge.client.event.GuiScreenEvent$DrawScreenEvent$Pre
[21:03:16] [Client thread/INFO]: [OptiFine] (Reflector) Class not present: net.minecraftforge.client.event.GuiScreenEvent$DrawScreenEvent$Post
[21:03:16] [Client thread/INFO]: [OptiFine] (Reflector) Class not present: net.minecraftforge.client.event.EntityViewRenderEvent$CameraSetup
[21:03:16] [Client thread/INFO]: [OptiFine] (Reflector) Class not present: net.minecraftforge.client.event.EntityViewRenderEvent$FogColors
[21:03:16] [Client thread/INFO]: [OptiFine] (Reflector) Class not present: net.minecraftforge.fml.common.eventhandler.Event
[21:03:16] [Client thread/INFO]: [OptiFine] (Reflector) Class not present: net.minecraftforge.fml.common.eventhandler.EventBus
[21:03:16] [Client thread/INFO]: [OptiFine] (Reflector) Class not present: net.minecraftforge.common.property.ExtendedBlockState
[21:03:16] [Client thread/INFO]: [OptiFine] (Reflector) Class not present: net.minecraftforge.fml.client.FMLClientHandler
[21:03:16] [Client thread/INFO]: [OptiFine] (Reflector) Class not present: net.minecraftforge.fml.common.FMLCommonHandler
[21:03:16] [Client thread/INFO]: [OptiFine] (Reflector) Method not present: net.minecraft.world.biome.BiomeGenBase.getWaterColorMultiplier
[21:03:16] [Client thread/INFO]: [OptiFine] (Reflector) Method not present: net.minecraft.block.Block.addDestroyEffects
[21:03:16] [Client thread/INFO]: [OptiFine] (Reflector) Method not present: net.minecraft.block.Block.addHitEffects
[21:03:16] [Client thread/INFO]: [OptiFine] (Reflector) Method not present: net.minecraft.block.Block.canCreatureSpawn
[21:03:16] [Client thread/INFO]: [OptiFine] (Reflector) Method not present: net.minecraft.block.Block.canRenderInLayer
[21:03:16] [Client thread/INFO]: [OptiFine] (Reflector) Method not present: net.minecraft.block.Block.doesSideBlockRendering
[21:03:16] [Client thread/INFO]: [OptiFine] (Reflector) Method not present: net.minecraft.block.Block.getBedDirection
[21:03:16] [Client thread/INFO]: [OptiFine] (Reflector) Method not present: net.minecraft.block.Block.getExtendedState
[21:03:16] [Client thread/INFO]: [OptiFine] (Reflector) Method not present: net.minecraft.block.Block.getLightOpacity
[21:03:16] [Client thread/INFO]: [OptiFine] (Reflector) Method not present: net.minecraft.block.Block.getLightValue
[21:03:16] [Client thread/INFO]: [OptiFine] (Reflector) Method not present: net.minecraft.block.Block.hasTileEntity
[21:03:16] [Client thread/INFO]: [OptiFine] (Reflector) Method not present: net.minecraft.block.Block.isAir
[21:03:16] [Client thread/INFO]: [OptiFine] (Reflector) Method not present: net.minecraft.block.Block.isBed
[21:03:16] [Client thread/INFO]: [OptiFine] (Reflector) Method not present: net.minecraft.block.Block.isBedFoot
[21:03:16] [Client thread/INFO]: [OptiFine] (Reflector) Method not present: net.minecraft.block.Block.isSideSolid
[21:03:16] [Client thread/INFO]: [OptiFine] (Reflector) Method not present: net.minecraft.world.ChunkCache.isSideSolid
[21:03:16] [Client thread/INFO]: [OptiFine] (Reflector) Method not present: net.minecraft.entity.Entity.canRiderInteract
[21:03:16] [Client thread/INFO]: [OptiFine] (Reflector) Field not present: net.minecraft.entity.Entity.captureDrops
[21:03:16] [Client thread/INFO]: [OptiFine] (Reflector) Field not present: net.minecraft.entity.Entity.capturedDrops
[21:03:16] [Client thread/INFO]: [OptiFine] (Reflector) Method not present: net.minecraft.entity.Entity.shouldRenderInPass
[21:03:16] [Client thread/INFO]: [OptiFine] (Reflector) Method not present: net.minecraft.entity.Entity.shouldRiderSit
[21:03:16] [Client thread/INFO]: [OptiFine] (Reflector) Class not present: net.minecraftforge.event.ForgeEventFactory
[21:03:16] [Client thread/INFO]: [OptiFine] (Reflector) Class not present: net.minecraftforge.common.ForgeHooks
[21:03:16] [Client thread/INFO]: [OptiFine] (Reflector) Field not present: net.minecraft.item.Item.delegate
[21:03:16] [Client thread/INFO]: [OptiFine] (Reflector) Method not present: net.minecraft.item.Item.getDurabilityForDisplay
[21:03:16] [Client thread/INFO]: [OptiFine] (Reflector) Method not present: net.minecraft.item.Item.getModel
[21:03:16] [Client thread/INFO]: [OptiFine] (Reflector) Method not present: net.minecraft.item.Item.onEntitySwing
[21:03:16] [Client thread/INFO]: [OptiFine] (Reflector) Method not present: net.minecraft.item.Item.shouldCauseReequipAnimation
[21:03:16] [Client thread/INFO]: [OptiFine] (Reflector) Method not present: net.minecraft.item.Item.showDurabilityBar
[21:03:16] [Client thread/INFO]: [OptiFine] (Reflector) Method not present: net.minecraft.potion.PotionEffect.isCurativeItem
[21:03:16] [Client thread/INFO]: [OptiFine] (Reflector) Method not present: net.minecraft.tileentity.TileEntity.canRenderBreaking
[21:03:16] [Client thread/INFO]: [OptiFine] (Reflector) Method not present: net.minecraft.tileentity.TileEntity.getRenderBoundingBox
[21:03:16] [Client thread/INFO]: [OptiFine] (Reflector) Method not present: net.minecraft.tileentity.TileEntity.hasFastRenderer
[21:03:16] [Client thread/INFO]: [OptiFine] (Reflector) Method not present: net.minecraft.tileentity.TileEntity.shouldRenderInPass
[21:03:16] [Client thread/INFO]: [OptiFine] (Reflector) Method not present: net.minecraft.world.World.countEntities
[21:03:16] [Client thread/INFO]: [OptiFine] (Reflector) Method not present: net.minecraft.world.World.getPerWorldStorage
[21:03:16] [Client thread/INFO]: [OptiFine] (Reflector) Method not present: net.minecraft.world.WorldProvider.getCloudRenderer
[21:03:16] [Client thread/INFO]: [OptiFine] (Reflector) Method not present: net.minecraft.world.WorldProvider.getSkyRenderer
[21:03:16] [Client thread/INFO]: [OptiFine] (Reflector) Method not present: net.minecraft.world.WorldProvider.getWeatherRenderer
[21:03:16] [Client thread/INFO]: [OptiFine] (Reflector) Method not present: net.minecraft.world.WorldProvider.getSaveFolder
[21:03:16] [Client thread/INFO]: [OptiFine] (Reflector) Class not present: net.minecraftforge.fml.client.GuiModList
[21:03:16] [Client thread/INFO]: [OptiFine] (Reflector) Class not present: net.minecraftforge.client.model.IColoredBakedQuad
[21:03:16] [Client thread/INFO]: [OptiFine] (Reflector) Class not present: net.minecraftforge.common.property.IExtendedBlockState
[21:03:16] [Client thread/INFO]: [OptiFine] (Reflector) Class not present: net.minecraftforge.client.model.IModel
[21:03:16] [Client thread/INFO]: [OptiFine] (Reflector) Class not present: net.minecraftforge.client.IRenderHandler
[21:03:16] [Client thread/INFO]: [OptiFine] (Reflector) Class not present: net.minecraftforge.client.model.pipeline.LightUtil
[21:03:16] [Client thread/INFO]: [OptiFine] (Reflector) Class not present: net.minecraftforge.common.MinecraftForge
[21:03:16] [Client thread/INFO]: [OptiFine] (Reflector) Class not present: net.minecraftforge.client.MinecraftForgeClient
[21:03:16] [Client thread/INFO]: [OptiFine] (Reflector) Class not present: net.minecraftforge.fml.common.ModContainer
[21:03:16] [Client thread/INFO]: [OptiFine] (Reflector) Class not present: net.minecraftforge.client.model.ModelLoader$VanillaLoader
[21:03:16] [Client thread/INFO]: [OptiFine] (Reflector) Class not present: net.minecraftforge.client.event.RenderBlockOverlayEvent$OverlayType
[21:03:16] [Client thread/INFO]: [OptiFine] (Reflector) Class not present: net.minecraftforge.client.event.RenderItemInFrameEvent
[21:03:16] [Client thread/INFO]: [OptiFine] (Reflector) Class not present: net.minecraftforge.client.event.RenderLivingEvent$Pre
[21:03:16] [Client thread/INFO]: [OptiFine] (Reflector) Class not present: net.minecraftforge.client.event.RenderLivingEvent$Post
[21:03:16] [Client thread/INFO]: [OptiFine] (Reflector) Class not present: net.minecraftforge.client.event.RenderLivingEvent$Specials$Pre
[21:03:16] [Client thread/INFO]: [OptiFine] (Reflector) Class not present: net.minecraftforge.client.event.RenderLivingEvent$Specials$Post
[21:03:16] [Client thread/INFO]: [OptiFine] (Reflector) Class not present: net.minecraftforge.event.world.WorldEvent$Load
[21:03:16] [Client thread/INFO]: [OptiFine] *** Reloading custom textures ***
[21:03:16] [Client thread/INFO]: [OptiFine] Enable face culling: acacia_leaves, birch_leaves, dark_oak_leaves, jungle_leaves, oak_leaves, spruce_leaves
[21:03:16] [Client thread/INFO]: [Shader] Successfully loaded: background.frag
[21:03:16] [Client thread/INFO]: [Shader] Successfully loaded: rainbow_font_shader.frag
[21:03:19] [Via Async Task 1/WARN]: There is a newer plugin version available: 4.8.1, you're on: 4.7.0-1.20-pre2-SNAPSHOT
[21:06:29] [Client thread/INFO]: [FileManager] Saved config: modules.json.
[21:06:29] [Client thread/INFO]: [FileManager] Saved config: values.json.
[21:06:29] [Client thread/INFO]: [FileManager] Saved config: clickgui.json.
[21:06:29] [Client thread/INFO]: [FileManager] Saved config: xray-blocks.json.
[21:06:29] [Client thread/INFO]: [FileManager] Saved config: shortcuts.json.
[21:06:29] [Client thread/INFO]: Stopping!
[21:06:29] [Client thread/INFO]: SoundSystem shutting down...
[21:06:30] [Client thread/WARN]: Author: Paul Lamb, www.paulscode.com
